\BOOKMARK [1][-]{section.1}{实验要求}{}% 1
\BOOKMARK [1][-]{section.2}{实验原理}{}% 2
\BOOKMARK [2][-]{subsection.2.1}{MPSK}{section.2}% 3
\BOOKMARK [2][-]{subsection.2.2}{AWGN}{section.2}% 4
\BOOKMARK [1][-]{section.3}{代码及仿真结果}{}% 5
\BOOKMARK [2][-]{subsection.3.1}{0/1数据产生}{section.3}% 6
\BOOKMARK [2][-]{subsection.3.2}{8PSK调制}{section.3}% 7
\BOOKMARK [2][-]{subsection.3.3}{8倍插值}{section.3}% 8
\BOOKMARK [2][-]{subsection.3.4}{成型滤波}{section.3}% 9
\BOOKMARK [2][-]{subsection.3.5}{AWGN信道}{section.3}% 10
\BOOKMARK [2][-]{subsection.3.6}{低通滤波}{section.3}% 11
\BOOKMARK [2][-]{subsection.3.7}{1/8下采样}{section.3}% 12
\BOOKMARK [2][-]{subsection.3.8}{8PSK解调及判决}{section.3}% 13
\BOOKMARK [2][-]{subsection.3.9}{误码率计算}{section.3}% 14
\BOOKMARK [1][-]{section.4}{比较与分析}{}% 15
\BOOKMARK [2][-]{subsection.4.1}{信噪比的影响}{section.4}% 16
\BOOKMARK [2][-]{subsection.4.2}{滤波器的影响}{section.4}% 17
\BOOKMARK [1][-]{section.5}{附0：辅助代码}{}% 18
\BOOKMARK [2][-]{subsection.5.1}{dectobin.m}{section.5}% 19
\BOOKMARK [2][-]{subsection.5.2}{HD.m}{section.5}% 20
\BOOKMARK [2][-]{subsection.5.3}{SRC.m}{section.5}% 21
\BOOKMARK [2][-]{subsection.5.4}{ber_standard.mat}{section.5}% 22
